code/CityTourPlanner/app/build/intermediates/manifest_merge_blame_file/debug/manifest-merger-blame-debug-report.txt
1<?xml version="1.0" encoding="utf-8"?>
2<manifest xmlns:android="http://schemas.android.com/apk/res/android"
3    package="uk.ac.le.cityTourPlanner"
4    android:versionCode="1"
5    android:versionName="1.0" >
6
7    <uses-sdk
8        android:minSdkVersion="16"
8-->src\main\AndroidManifest.xml
9        android:targetSdkVersion="28" />
9-->src\main\AndroidManifest.xml
10
11    <uses-permission android:name="android.permission.INTERNET" />
11-->src\main\AndroidManifest.xml:5:5-67
11-->src\main\AndroidManifest.xml:5:22-64
12    <uses-permission android:name="android.permission.ACCESS_FINE_LOCATION" />
12-->src\main\AndroidManifest.xml:6:5-79
12-->src\main\AndroidManifest.xml:6:22-76
13    <uses-permission android:name="android.permission.ACCESS_WIFI_STATE" />
13-->[com.google.android.libraries.places:places:1.1.0] AndroidManifest.xml:10:5-76
13-->[com.google.android.libraries.places:places:1.1.0] AndroidManifest.xml:10:22-73
14    <uses-permission android:name="android.permission.ACCESS_NETWORK_STATE" />
14-->[com.firebaseui:firebase-ui-auth:4.3.1] AndroidManifest.xml:12:5-79
14-->[com.firebaseui:firebase-ui-auth:4.3.1] AndroidManifest.xml:12:22-76
15    <uses-permission android:name="android.permission.WAKE_LOCK" /> <!-- Required by older versions of Google Play services to create IID tokens -->
15-->[com.google.android.gms:play-services-measurement-api:16.4.0] AndroidManifest.xml:24:5-68
15-->[com.google.android.gms:play-services-measurement-api:16.4.0] AndroidManifest.xml:24:22-65
16    <uses-permission android:name="com.google.android.c2dm.permission.RECEIVE" />
16-->[com.google.firebase:firebase-iid:17.0.3] AndroidManifest.xml:26:5-82
16-->[com.google.firebase:firebase-iid:17.0.3] AndroidManifest.xml:26:22-79
17
18    <uses-feature
18-->[com.google.android.gms:play-services-maps:16.1.0] AndroidManifest.xml:26:5-28:35
19        android:glEsVersion="0x00020000"
19-->[com.google.android.gms:play-services-maps:16.1.0] AndroidManifest.xml:27:9-41
20        android:required="true" />
20-->[com.google.android.gms:play-services-maps:16.1.0] AndroidManifest.xml:28:9-32
21
22    <uses-permission android:name="com.google.android.finsky.permission.BIND_GET_INSTALL_REFERRER_SERVICE" />
22-->[com.google.android.gms:play-services-measurement:16.4.0] AndroidManifest.xml:26:5-110
22-->[com.google.android.gms:play-services-measurement:16.4.0] AndroidManifest.xml:26:22-107
23
24    <application
24-->src\main\AndroidManifest.xml:8:5-102:19
25        android:allowBackup="true"
25-->src\main\AndroidManifest.xml:9:9-35
26        android:appComponentFactory="android.support.v4.app.CoreComponentFactory"
26-->[com.android.support:support-compat:28.0.0] AndroidManifest.xml:22:18-91
27        android:debuggable="true"
28        android:icon="@mipmap/ic_launcher"
28-->src\main\AndroidManifest.xml:10:9-43
29        android:label="@string/app_name"
29-->src\main\AndroidManifest.xml:11:9-41
30        android:roundIcon="@mipmap/ic_launcher_round"
30-->src\main\AndroidManifest.xml:12:9-54
31        android:supportsRtl="true"
31-->src\main\AndroidManifest.xml:13:9-35
32        android:testOnly="true"
33        android:theme="@style/AppTheme" >
33-->src\main\AndroidManifest.xml:14:9-40
34        <activity
34-->src\main\AndroidManifest.xml:15:9-23:20
35            android:name="uk.ac.le.cityTourPlanner.ManageDurationActivity"
35-->src\main\AndroidManifest.xml:16:13-51
36            android:label="@string/title_activity_manage_duration"
36-->src\main\AndroidManifest.xml:17:13-67
37            android:parentActivityName="uk.ac.le.cityTourPlanner.MainActivity"
37-->src\main\AndroidManifest.xml:18:13-55
38            android:theme="@style/AppTheme.NoActionBar" >
38-->src\main\AndroidManifest.xml:19:13-56
39            <meta-data
39-->src\main\AndroidManifest.xml:20:13-22:79
40                android:name="android.support.PARENT_ACTIVITY"
40-->src\main\AndroidManifest.xml:21:17-63
41                android:value="uk.ac.le.cityTourPlanner.TripPlacesActivity" />
41-->src\main\AndroidManifest.xml:22:17-76
42        </activity>
43        <activity
43-->src\main\AndroidManifest.xml:24:9-32:20
44            android:name="uk.ac.le.cityTourPlanner.TripPlacesActivity"
44-->src\main\AndroidManifest.xml:25:13-47
45            android:label="@string/title_activity_itinarary"
45-->src\main\AndroidManifest.xml:26:13-61
46            android:parentActivityName="uk.ac.le.cityTourPlanner.MainActivity"
46-->src\main\AndroidManifest.xml:27:13-55
47            android:theme="@style/AppTheme" >
47-->src\main\AndroidManifest.xml:28:13-44
48            <meta-data
48-->src\main\AndroidManifest.xml:20:13-22:79
49                android:name="android.support.PARENT_ACTIVITY"
49-->src\main\AndroidManifest.xml:21:17-63
50                android:value="uk.ac.le.cityTourPlanner.MainActivity" />
50-->src\main\AndroidManifest.xml:22:17-76
51        </activity>
52        <activity
52-->src\main\AndroidManifest.xml:33:9-41:20
53            android:name="uk.ac.le.cityTourPlanner.UpdatePasswordActivity"
53-->src\main\AndroidManifest.xml:34:13-51
54            android:label="@string/title_activity_update_password"
54-->src\main\AndroidManifest.xml:35:13-67
55            android:parentActivityName="uk.ac.le.cityTourPlanner.SettingsActivity"
55-->src\main\AndroidManifest.xml:36:13-59
56            android:theme="@style/AppTheme.NoActionBar" >
56-->src\main\AndroidManifest.xml:37:13-56
57            <meta-data
57-->src\main\AndroidManifest.xml:20:13-22:79
58                android:name="android.support.PARENT_ACTIVITY"
58-->src\main\AndroidManifest.xml:21:17-63
59                android:value="uk.ac.le.cityTourPlanner.SettingsActivity" />
59-->src\main\AndroidManifest.xml:22:17-76
60        </activity>
61        <activity
61-->src\main\AndroidManifest.xml:42:9-50:20
62            android:name="uk.ac.le.cityTourPlanner.EditTripHeaders"
62-->src\main\AndroidManifest.xml:43:13-44
63            android:label="@string/title_activity_edit_trip_headers"
63-->src\main\AndroidManifest.xml:44:13-69
64            android:parentActivityName="uk.ac.le.cityTourPlanner.MainActivity"
64-->src\main\AndroidManifest.xml:45:13-55
65            android:theme="@style/AppTheme.NoActionBar" >
65-->src\main\AndroidManifest.xml:46:13-56
66            <meta-data
66-->src\main\AndroidManifest.xml:20:13-22:79
67                android:name="android.support.PARENT_ACTIVITY"
67-->src\main\AndroidManifest.xml:21:17-63
68                android:value="uk.ac.le.cityTourPlanner.MainActivity" />
68-->src\main\AndroidManifest.xml:22:17-76
69        </activity>
70        <activity
70-->src\main\AndroidManifest.xml:51:9-59:20
71            android:name="uk.ac.le.cityTourPlanner.PlaceSearchActivity"
71-->src\main\AndroidManifest.xml:52:13-48
72            android:label="@string/title_activity_place_search"
72-->src\main\AndroidManifest.xml:53:13-64
73            android:parentActivityName="uk.ac.le.cityTourPlanner.MainActivity"
73-->src\main\AndroidManifest.xml:54:13-55
74            android:theme="@style/AppTheme.NoActionBar" >
74-->src\main\AndroidManifest.xml:55:13-56
75            <meta-data
75-->src\main\AndroidManifest.xml:20:13-22:79
76                android:name="android.support.PARENT_ACTIVITY"
76-->src\main\AndroidManifest.xml:21:17-63
77                android:value="uk.ac.le.cityTourPlanner.MainActivity" />
77-->src\main\AndroidManifest.xml:22:17-76
78        </activity>
79        <activity
79-->src\main\AndroidManifest.xml:60:9-68:20
80            android:name="uk.ac.le.cityTourPlanner.PlaceDetailActivity"
80-->src\main\AndroidManifest.xml:61:13-48
81            android:label="@string/title_activity_place_detail"
81-->src\main\AndroidManifest.xml:62:13-64
82            android:parentActivityName="uk.ac.le.cityTourPlanner.PlaceSearchActivity"
82-->src\main\AndroidManifest.xml:63:13-62
83            android:theme="@style/AppTheme.NoActionBar" >
83-->src\main\AndroidManifest.xml:64:13-56
84            <meta-data
84-->src\main\AndroidManifest.xml:20:13-22:79
85                android:name="android.support.PARENT_ACTIVITY"
85-->src\main\AndroidManifest.xml:21:17-63
86                android:value="uk.ac.le.cityTourPlanner.PlaceSearchActivity" />
86-->src\main\AndroidManifest.xml:22:17-76
87        </activity>
88        <activity
88-->src\main\AndroidManifest.xml:69:9-72:59
89            android:name="uk.ac.le.cityTourPlanner.MainActivity"
89-->src\main\AndroidManifest.xml:70:13-41
90            android:label="@string/title_activity_main"
90-->src\main\AndroidManifest.xml:71:13-56
91            android:theme="@style/AppTheme.NoActionBar" />
91-->src\main\AndroidManifest.xml:72:13-56
92        <activity android:name="uk.ac.le.cityTourPlanner.LoginActivity" >
92-->src\main\AndroidManifest.xml:73:9-79:20
92-->src\main\AndroidManifest.xml:73:19-48
93            <intent-filter>
93-->src\main\AndroidManifest.xml:74:13-78:29
94                <action android:name="android.intent.action.MAIN" />
94-->src\main\AndroidManifest.xml:75:17-69
94-->src\main\AndroidManifest.xml:75:25-66
95
96                <category android:name="android.intent.category.LAUNCHER" />
96-->src\main\AndroidManifest.xml:77:17-77
96-->src\main\AndroidManifest.xml:77:27-74
97            </intent-filter>
98        </activity>
99        <activity android:name="uk.ac.le.cityTourPlanner.SettingsActivity" />
99-->src\main\AndroidManifest.xml:80:9-54
99-->src\main\AndroidManifest.xml:80:19-51
100
101        <meta-data
101-->src\main\AndroidManifest.xml:82:9-84:63
102            android:name="com.facebook.sdk.ApplicationId"
102-->src\main\AndroidManifest.xml:83:13-58
103            android:value="@string/facebook_application_id" />
103-->src\main\AndroidManifest.xml:84:13-60
104
105        <activity
105-->src\main\AndroidManifest.xml:86:9-89:48
106            android:name="com.facebook.FacebookActivity"
106-->src\main\AndroidManifest.xml:87:13-57
107            android:configChanges="keyboard|keyboardHidden|screenLayout|screenSize|orientation"
107-->src\main\AndroidManifest.xml:88:13-96
108            android:label="@string/app_name" />
108-->src\main\AndroidManifest.xml:89:13-45
109        <activity
109-->src\main\AndroidManifest.xml:90:9-101:20
110            android:name="com.facebook.CustomTabActivity"
110-->src\main\AndroidManifest.xml:91:13-58
111            android:exported="true" >
111-->src\main\AndroidManifest.xml:92:13-36
112            <intent-filter>
112-->src\main\AndroidManifest.xml:93:13-100:29
113                <action android:name="android.intent.action.VIEW" />
113-->src\main\AndroidManifest.xml:94:17-69
113-->src\main\AndroidManifest.xml:94:25-66
114
115                <category android:name="android.intent.category.DEFAULT" />
115-->src\main\AndroidManifest.xml:96:17-76
115-->src\main\AndroidManifest.xml:96:27-73
116                <category android:name="android.intent.category.BROWSABLE" />
116-->src\main\AndroidManifest.xml:97:17-78
116-->src\main\AndroidManifest.xml:97:27-75
117
118                <data android:scheme="@string/facebook_login_protocol_scheme" />
118-->src\main\AndroidManifest.xml:99:17-81
118-->src\main\AndroidManifest.xml:99:23-78
119            </intent-filter>
120        </activity>
121        <!-- Autocomplete -->
122        <activity
122-->[com.google.android.libraries.places:places:1.1.0] AndroidManifest.xml:16:9-23:20
123            android:name="com.google.android.libraries.places.widget.AutocompleteActivity"
123-->[com.google.android.libraries.places:places:1.1.0] AndroidManifest.xml:17:13-91
124            android:exported="false"
124-->[com.google.android.libraries.places:places:1.1.0] AndroidManifest.xml:18:13-37
125            android:hardwareAccelerated="true"
125-->[com.google.android.libraries.places:places:1.1.0] AndroidManifest.xml:19:13-47
126            android:label="@string/places_autocomplete_label"
126-->[com.google.android.libraries.places:places:1.1.0] AndroidManifest.xml:20:13-62
127            android:theme="@style/PlacesAutocompleteThemeOverlay"
127-->[com.google.android.libraries.places:places:1.1.0] AndroidManifest.xml:21:13-66
128            android:windowSoftInputMode="stateAlwaysVisible|adjustPan" >
128-->[com.google.android.libraries.places:places:1.1.0] AndroidManifest.xml:22:13-71
129        </activity>
130        <activity
130-->[gun0912.ted:tedpermission:2.2.2] AndroidManifest.xml:10:9-14:67
131            android:name="com.gun0912.tedpermission.TedPermissionActivity"
131-->[gun0912.ted:tedpermission:2.2.2] AndroidManifest.xml:11:13-75
132            android:configChanges="mcc|mnc|locale|keyboard|keyboardHidden|screenLayout|fontScale|uiMode|orientation|screenSize|layoutDirection"
132-->[gun0912.ted:tedpermission:2.2.2] AndroidManifest.xml:12:13-144
133            android:screenOrientation="unspecified"
133-->[gun0912.ted:tedpermission:2.2.2] AndroidManifest.xml:13:13-52
134            android:theme="@style/Theme.Transparent.Permission" />
134-->[gun0912.ted:tedpermission:2.2.2] AndroidManifest.xml:14:13-64
135
136        <meta-data
136-->[com.firebaseui:firebase-ui-auth:4.3.1] AndroidManifest.xml:16:9-18:69
137            android:name="com.google.android.gms.version"
137-->[com.firebaseui:firebase-ui-auth:4.3.1] AndroidManifest.xml:17:13-58
138            android:value="@integer/google_play_services_version" />
138-->[com.firebaseui:firebase-ui-auth:4.3.1] AndroidManifest.xml:18:13-66
139
140        <activity
140-->[com.firebaseui:firebase-ui-auth:4.3.1] AndroidManifest.xml:23:9-27:61
141            android:name="com.firebase.ui.auth.KickoffActivity"
141-->[com.firebaseui:firebase-ui-auth:4.3.1] AndroidManifest.xml:24:13-64
142            android:exported="false"
142-->[com.firebaseui:firebase-ui-auth:4.3.1] AndroidManifest.xml:25:13-37
143            android:label=""
143-->[com.firebaseui:firebase-ui-auth:4.3.1] AndroidManifest.xml:26:13-29
144            android:theme="@style/FirebaseUI.Transparent" />
144-->[com.firebaseui:firebase-ui-auth:4.3.1] AndroidManifest.xml:27:13-58
145        <activity
145-->[com.firebaseui:firebase-ui-auth:4.3.1] AndroidManifest.xml:28:9-32:61
146            android:name="com.firebase.ui.auth.ui.idp.SingleSignInActivity"
146-->[com.firebaseui:firebase-ui-auth:4.3.1] AndroidManifest.xml:29:13-76
147            android:exported="false"
147-->[com.firebaseui:firebase-ui-auth:4.3.1] AndroidManifest.xml:30:13-37
148            android:label=""
148-->[com.firebaseui:firebase-ui-auth:4.3.1] AndroidManifest.xml:31:13-29
149            android:theme="@style/FirebaseUI.Transparent" />
149-->[com.firebaseui:firebase-ui-auth:4.3.1] AndroidManifest.xml:32:13-58
150        <activity
150-->[com.firebaseui:firebase-ui-auth:4.3.1] AndroidManifest.xml:33:9-37:61
151            android:name="com.firebase.ui.auth.ui.credentials.CredentialSaveActivity"
151-->[com.firebaseui:firebase-ui-auth:4.3.1] AndroidManifest.xml:34:13-86
152            android:exported="false"
152-->[com.firebaseui:firebase-ui-auth:4.3.1] AndroidManifest.xml:35:13-37
153            android:label=""
153-->[com.firebaseui:firebase-ui-auth:4.3.1] AndroidManifest.xml:36:13-29
154            android:theme="@style/FirebaseUI.Transparent" />
154-->[com.firebaseui:firebase-ui-auth:4.3.1] AndroidManifest.xml:37:13-58
155        <activity
155-->[com.firebaseui:firebase-ui-auth:4.3.1] AndroidManifest.xml:38:9-42:58
156            android:name="com.firebase.ui.auth.ui.email.RecoverPasswordActivity"
156-->[com.firebaseui:firebase-ui-auth:4.3.1] AndroidManifest.xml:39:13-81
157            android:exported="false"
157-->[com.firebaseui:firebase-ui-auth:4.3.1] AndroidManifest.xml:40:13-37
158            android:label="@string/fui_title_recover_password_activity"
158-->[com.firebaseui:firebase-ui-auth:4.3.1] AndroidManifest.xml:41:13-72
159            android:windowSoftInputMode="adjustResize" />
159-->[com.firebaseui:firebase-ui-auth:4.3.1] AndroidManifest.xml:42:13-55
160        <activity
160-->[com.firebaseui:firebase-ui-auth:4.3.1] AndroidManifest.xml:43:9-47:58
161            android:name="com.firebase.ui.auth.ui.email.EmailActivity"
161-->[com.firebaseui:firebase-ui-auth:4.3.1] AndroidManifest.xml:44:13-71
162            android:exported="false"
162-->[com.firebaseui:firebase-ui-auth:4.3.1] AndroidManifest.xml:45:13-37
163            android:label="@string/fui_sign_in_default"
163-->[com.firebaseui:firebase-ui-auth:4.3.1] AndroidManifest.xml:46:13-56
164            android:windowSoftInputMode="adjustResize" />
164-->[com.firebaseui:firebase-ui-auth:4.3.1] AndroidManifest.xml:47:13-55
165        <activity
165-->[com.firebaseui:firebase-ui-auth:4.3.1] AndroidManifest.xml:48:9-52:77
166            android:name="com.firebase.ui.auth.ui.phone.PhoneActivity"
166-->[com.firebaseui:firebase-ui-auth:4.3.1] AndroidManifest.xml:49:13-71
167            android:exported="false"
167-->[com.firebaseui:firebase-ui-auth:4.3.1] AndroidManifest.xml:50:13-37
168            android:label="@string/fui_sign_in_with_phone_number"
168-->[com.firebaseui:firebase-ui-auth:4.3.1] AndroidManifest.xml:51:13-66
169            android:windowSoftInputMode="adjustResize|stateAlwaysVisible" />
169-->[com.firebaseui:firebase-ui-auth:4.3.1] AndroidManifest.xml:52:13-74
170        <activity
170-->[com.firebaseui:firebase-ui-auth:4.3.1] AndroidManifest.xml:53:9-57:58
171            android:name="com.firebase.ui.auth.ui.idp.WelcomeBackIdpPrompt"
171-->[com.firebaseui:firebase-ui-auth:4.3.1] AndroidManifest.xml:54:13-76
172            android:exported="false"
172-->[com.firebaseui:firebase-ui-auth:4.3.1] AndroidManifest.xml:55:13-37
173            android:label="@string/fui_title_welcome_back_idp_prompt"
173-->[com.firebaseui:firebase-ui-auth:4.3.1] AndroidManifest.xml:56:13-70
174            android:windowSoftInputMode="adjustResize" />
174-->[com.firebaseui:firebase-ui-auth:4.3.1] AndroidManifest.xml:57:13-55
175        <activity
175-->[com.firebaseui:firebase-ui-auth:4.3.1] AndroidManifest.xml:58:9-62:58
176            android:name="com.firebase.ui.auth.ui.email.WelcomeBackPasswordPrompt"
176-->[com.firebaseui:firebase-ui-auth:4.3.1] AndroidManifest.xml:59:13-83
177            android:exported="false"
177-->[com.firebaseui:firebase-ui-auth:4.3.1] AndroidManifest.xml:60:13-37
178            android:label="@string/fui_title_welcome_back_password_prompt"
178-->[com.firebaseui:firebase-ui-auth:4.3.1] AndroidManifest.xml:61:13-75
179            android:windowSoftInputMode="adjustResize" />
179-->[com.firebaseui:firebase-ui-auth:4.3.1] AndroidManifest.xml:62:13-55
180        <activity
180-->[com.firebaseui:firebase-ui-auth:4.3.1] AndroidManifest.xml:63:9-67:58
181            android:name="com.firebase.ui.auth.ui.email.WelcomeBackEmailLinkPrompt"
181-->[com.firebaseui:firebase-ui-auth:4.3.1] AndroidManifest.xml:64:13-84
182            android:exported="false"
182-->[com.firebaseui:firebase-ui-auth:4.3.1] AndroidManifest.xml:65:13-37
183            android:label="@string/fui_title_welcome_back_password_prompt"
183-->[com.firebaseui:firebase-ui-auth:4.3.1] AndroidManifest.xml:66:13-75
184            android:windowSoftInputMode="adjustResize" />
184-->[com.firebaseui:firebase-ui-auth:4.3.1] AndroidManifest.xml:67:13-55
185        <activity
185-->[com.firebaseui:firebase-ui-auth:4.3.1] AndroidManifest.xml:68:9-73:58
186            android:name="com.firebase.ui.auth.ui.email.EmailLinkCatcherActivity"
186-->[com.firebaseui:firebase-ui-auth:4.3.1] AndroidManifest.xml:69:13-82
187            android:exported="false"
187-->[com.firebaseui:firebase-ui-auth:4.3.1] AndroidManifest.xml:70:13-37
188            android:label=""
188-->[com.firebaseui:firebase-ui-auth:4.3.1] AndroidManifest.xml:71:13-29
189            android:theme="@style/FirebaseUI.Transparent"
189-->[com.firebaseui:firebase-ui-auth:4.3.1] AndroidManifest.xml:72:13-58
190            android:windowSoftInputMode="adjustResize" />
190-->[com.firebaseui:firebase-ui-auth:4.3.1] AndroidManifest.xml:73:13-55
191        <activity
191-->[com.firebaseui:firebase-ui-auth:4.3.1] AndroidManifest.xml:74:9-78:58
192            android:name="com.firebase.ui.auth.ui.email.EmailLinkErrorRecoveryActivity"
192-->[com.firebaseui:firebase-ui-auth:4.3.1] AndroidManifest.xml:75:13-88
193            android:exported="false"
193-->[com.firebaseui:firebase-ui-auth:4.3.1] AndroidManifest.xml:76:13-37
194            android:label="@string/fui_sign_in_default"
194-->[com.firebaseui:firebase-ui-auth:4.3.1] AndroidManifest.xml:77:13-56
195            android:windowSoftInputMode="adjustResize" />
195-->[com.firebaseui:firebase-ui-auth:4.3.1] AndroidManifest.xml:78:13-55
196        <activity
196-->[com.firebaseui:firebase-ui-auth:4.3.1] AndroidManifest.xml:79:9-82:65
197            android:name="com.firebase.ui.auth.ui.idp.AuthMethodPickerActivity"
197-->[com.firebaseui:firebase-ui-auth:4.3.1] AndroidManifest.xml:80:13-80
198            android:exported="false"
198-->[com.firebaseui:firebase-ui-auth:4.3.1] AndroidManifest.xml:81:13-37
199            android:label="@string/fui_default_toolbar_title" />
199-->[com.firebaseui:firebase-ui-auth:4.3.1] AndroidManifest.xml:82:13-62
200
201        <provider
201-->[com.firebaseui:firebase-ui-auth:4.3.1] AndroidManifest.xml:102:9-106:38
202            android:name="com.firebase.ui.auth.data.client.AuthUiInitProvider"
202-->[com.firebaseui:firebase-ui-auth:4.3.1] AndroidManifest.xml:103:13-79
203            android:authorities="uk.ac.le.cityTourPlanner.authuiinitprovider"
203-->[com.firebaseui:firebase-ui-auth:4.3.1] AndroidManifest.xml:104:13-70
204            android:exported="false"
204-->[com.firebaseui:firebase-ui-auth:4.3.1] AndroidManifest.xml:105:13-37
205            android:initOrder="90" />
205-->[com.firebaseui:firebase-ui-auth:4.3.1] AndroidManifest.xml:106:13-35
206
207        <service
207-->[com.google.firebase:firebase-database:16.1.0] AndroidManifest.xml:29:9-33:19
208            android:name="com.google.firebase.components.ComponentDiscoveryService"
208-->[com.google.firebase:firebase-database:16.1.0] AndroidManifest.xml:29:18-89
209            android:exported="false" >
209-->[com.google.firebase:firebase-auth:16.1.0] AndroidManifest.xml:35:13-37
210            <meta-data
210-->[com.google.firebase:firebase-database:16.1.0] AndroidManifest.xml:30:13-32:85
211                android:name="com.google.firebase.components:com.google.firebase.database.DatabaseRegistrar"
211-->[com.google.firebase:firebase-database:16.1.0] AndroidManifest.xml:31:17-109
212                android:value="com.google.firebase.components.ComponentRegistrar" />
212-->[com.google.firebase:firebase-database:16.1.0] AndroidManifest.xml:32:17-82
213            <meta-data
213-->[com.google.firebase:firebase-auth:16.1.0] AndroidManifest.xml:36:13-38:85
214                android:name="com.google.firebase.components:com.google.firebase.auth.FirebaseAuthRegistrar"
214-->[com.google.firebase:firebase-auth:16.1.0] AndroidManifest.xml:37:17-109
215                android:value="com.google.firebase.components.ComponentRegistrar" />
215-->[com.google.firebase:firebase-auth:16.1.0] AndroidManifest.xml:38:17-82
216            <meta-data
216-->[com.google.android.gms:play-services-measurement-api:16.4.0] AndroidManifest.xml:30:13-32:85
217                android:name="com.google.firebase.components:com.google.firebase.analytics.connector.internal.AnalyticsConnectorRegistrar"
217-->[com.google.android.gms:play-services-measurement-api:16.4.0] AndroidManifest.xml:31:17-139
218                android:value="com.google.firebase.components.ComponentRegistrar" />
218-->[com.google.android.gms:play-services-measurement-api:16.4.0] AndroidManifest.xml:32:17-82
219            <meta-data
219-->[com.google.firebase:firebase-iid:17.0.3] AndroidManifest.xml:32:13-34:85
220                android:name="com.google.firebase.components:com.google.firebase.iid.Registrar"
220-->[com.google.firebase:firebase-iid:17.0.3] AndroidManifest.xml:33:17-96
221                android:value="com.google.firebase.components.ComponentRegistrar" />
221-->[com.google.firebase:firebase-iid:17.0.3] AndroidManifest.xml:34:17-82
222        </service>
223
224        <activity
224-->[com.google.firebase:firebase-auth:16.1.0] AndroidManifest.xml:24:9-31:50
225            android:name="com.google.firebase.auth.internal.FederatedSignInActivity"
225-->[com.google.firebase:firebase-auth:16.1.0] AndroidManifest.xml:25:13-85
226            android:excludeFromRecents="true"
226-->[com.google.firebase:firebase-auth:16.1.0] AndroidManifest.xml:26:13-46
227            android:exported="true"
227-->[com.google.firebase:firebase-auth:16.1.0] AndroidManifest.xml:27:13-36
228            android:launchMode="singleTask"
228-->[com.google.firebase:firebase-auth:16.1.0] AndroidManifest.xml:28:13-44
229            android:permission="com.google.firebase.auth.api.gms.permission.LAUNCH_FEDERATED_SIGN_IN"
229-->[com.google.firebase:firebase-auth:16.1.0] AndroidManifest.xml:29:13-102
230            android:theme="@android:style/Theme.Translucent.NoTitleBar" />
230-->[com.google.firebase:firebase-auth:16.1.0] AndroidManifest.xml:30:13-72
231        <activity
231-->[com.google.android.gms:play-services-auth:16.0.1] AndroidManifest.xml:23:9-27:75
232            android:name="com.google.android.gms.auth.api.signin.internal.SignInHubActivity"
232-->[com.google.android.gms:play-services-auth:16.0.1] AndroidManifest.xml:24:13-93
233            android:excludeFromRecents="true"
233-->[com.google.android.gms:play-services-auth:16.0.1] AndroidManifest.xml:25:13-46
234            android:exported="false"
234-->[com.google.android.gms:play-services-auth:16.0.1] AndroidManifest.xml:26:13-37
235            android:theme="@android:style/Theme.Translucent.NoTitleBar" />
235-->[com.google.android.gms:play-services-auth:16.0.1] AndroidManifest.xml:27:13-72
236        <!--
237            Service handling Google Sign-In user revocation. For apps that do not integrate with
238            Google Sign-In, this service will never be started.
239        -->
240        <service
240-->[com.google.android.gms:play-services-auth:16.0.1] AndroidManifest.xml:33:9-36:110
241            android:name="com.google.android.gms.auth.api.signin.RevocationBoundService"
241-->[com.google.android.gms:play-services-auth:16.0.1] AndroidManifest.xml:34:13-89
242            android:exported="true"
242-->[com.google.android.gms:play-services-auth:16.0.1] AndroidManifest.xml:35:13-36
243            android:permission="com.google.android.gms.auth.api.signin.permission.REVOCATION_NOTIFICATION" />
243-->[com.google.android.gms:play-services-auth:16.0.1] AndroidManifest.xml:36:13-107
244
245        <receiver
245-->[com.google.firebase:firebase-iid:17.0.3] AndroidManifest.xml:37:9-44:20
246            android:name="com.google.firebase.iid.FirebaseInstanceIdReceiver"
246-->[com.google.firebase:firebase-iid:17.0.3] AndroidManifest.xml:38:13-78
247            android:exported="true"
247-->[com.google.firebase:firebase-iid:17.0.3] AndroidManifest.xml:39:13-36
248            android:permission="com.google.android.c2dm.permission.SEND" >
248-->[com.google.firebase:firebase-iid:17.0.3] AndroidManifest.xml:40:13-73
249            <intent-filter>
249-->[com.google.firebase:firebase-iid:17.0.3] AndroidManifest.xml:41:13-43:29
250                <action android:name="com.google.android.c2dm.intent.RECEIVE" />
250-->[com.google.firebase:firebase-iid:17.0.3] AndroidManifest.xml:42:17-81
250-->[com.google.firebase:firebase-iid:17.0.3] AndroidManifest.xml:42:25-78
251            </intent-filter>
252        </receiver>
253        <!--
254             FirebaseInstanceIdService performs security checks at runtime,
255             no need for explicit permissions despite exported="true"
256        -->
257        <service
257-->[com.google.firebase:firebase-iid:17.0.3] AndroidManifest.xml:50:9-56:19
258            android:name="com.google.firebase.iid.FirebaseInstanceIdService"
258-->[com.google.firebase:firebase-iid:17.0.3] AndroidManifest.xml:51:13-77
259            android:exported="true" >
259-->[com.google.firebase:firebase-iid:17.0.3] AndroidManifest.xml:52:13-36
260            <intent-filter android:priority="-500" >
260-->[com.google.firebase:firebase-iid:17.0.3] AndroidManifest.xml:53:13-55:29
260-->[com.google.firebase:firebase-iid:17.0.3] AndroidManifest.xml:53:28-51
261                <action android:name="com.google.firebase.INSTANCE_ID_EVENT" />
261-->[com.google.firebase:firebase-iid:17.0.3] AndroidManifest.xml:54:17-80
261-->[com.google.firebase:firebase-iid:17.0.3] AndroidManifest.xml:54:25-77
262            </intent-filter>
263        </service>
264
265        <provider
265-->[com.google.firebase:firebase-common:16.1.0] AndroidManifest.xml:12:9-16:39
266            android:name="com.google.firebase.provider.FirebaseInitProvider"
266-->[com.google.firebase:firebase-common:16.1.0] AndroidManifest.xml:13:13-77
267            android:authorities="uk.ac.le.cityTourPlanner.firebaseinitprovider"
267-->[com.google.firebase:firebase-common:16.1.0] AndroidManifest.xml:14:13-72
268            android:exported="false"
268-->[com.google.firebase:firebase-common:16.1.0] AndroidManifest.xml:15:13-37
269            android:initOrder="100" /> <!-- Needs to be explicitly declared on P+ -->
269-->[com.google.firebase:firebase-common:16.1.0] AndroidManifest.xml:16:13-36
270        <uses-library
270-->[com.google.android.gms:play-services-maps:16.1.0] AndroidManifest.xml:33:9-35:40
271            android:name="org.apache.http.legacy"
271-->[com.google.android.gms:play-services-maps:16.1.0] AndroidManifest.xml:34:13-50
272            android:required="false" />
272-->[com.google.android.gms:play-services-maps:16.1.0] AndroidManifest.xml:35:13-37
273
274        <activity
274-->[com.google.android.gms:play-services-base:16.1.0] AndroidManifest.xml:23:9-26:75
275            android:name="com.google.android.gms.common.api.GoogleApiActivity"
275-->[com.google.android.gms:play-services-base:16.1.0] AndroidManifest.xml:24:13-79
276            android:exported="false"